commit e70c11ef25a575efaca11d2fa8e3eb16e6c74275
Author: lee-benjamin <leebenjamin@utexas.edu>
Date:   Thu Mar 23 12:27:43 2017 -0500

    added parameters to apiary so we don't need query strings

commit bc2614fae7afb014cccfb115130516166a68efc3
Merge: b6ba944 6f10fc7
Author: MauryaAvirneni <maurya.avirneni@utexas.edu>
Date:   Thu Mar 23 12:23:07 2017 -0500

    Merge branch 'dev' of https://github.com/lee-benjamin/cs373-idb into dev

commit b6ba94496f9ca9d662c193c8020b3692d877ad23
Author: MauryaAvirneni <maurya.avirneni@utexas.edu>
Date:   Thu Mar 23 12:22:55 2017 -0500

    Updated UML Diagram and added pdf

commit 6f10fc7b286471df3e68d3beaadb5c1edd61536c
Merge: 53846b6 47d11d3
Author: Rohit Venugopal <rohitven@cs.utexas.edu>
Date:   Thu Mar 23 11:51:09 2017 -0500

    Finally fixed the navbar

commit 53846b653132110525268881ddf72c7484a7eb82
Author: Rohit Venugopal <rohitven@cs.utexas.edu>
Date:   Thu Mar 23 11:48:05 2017 -0500

    Finally fixed the navbar

commit 47d11d3208d6a1229a86ba05f9a2fb0800bd8077
Merge: d999766 5296e01
Author: Dallas Kelle <dallas.kelle@gmail.com>
Date:   Thu Mar 23 11:43:12 2017 -0500

    Fixing merge conflict

commit d9997668c3a52b25f4355b65795f94e293609d7f
Author: Dallas Kelle <dallas.kelle@gmail.com>
Date:   Thu Mar 23 11:42:55 2017 -0500

    Changing the 'about' page to have all the table contents centered

commit 3e245085a1a86c0d9ef2cb4f3b2b7f1d66fe29fb
Author: Dallas Kelle <dallas.kelle@gmail.com>
Date:   Thu Mar 23 11:31:03 2017 -0500

    Adding image to the 'more info' section of character

commit 7899ca927b15407a2f797cb3f4e2bb7545035142
Author: Dallas Kelle <dallas.kelle@gmail.com>
Date:   Thu Mar 23 11:28:30 2017 -0500

    Adding images to the 'more info' section of players and tournaments

commit 5296e012c42ce53e18282dd486474fe656a7ada2
Merge: b84cff6 c22b58c
Author: Ubuntu <ubuntu@ip-172-31-16-25.us-west-2.compute.internal>
Date:   Thu Mar 23 16:13:13 2017 +0000

    Merge branch 'dev' of https://github.com/lee-benjamin/cs373-idb into dev

commit b84cff6af964a71021d977e2d4adbb82298cc155
Author: Ubuntu <ubuntu@ip-172-31-16-25.us-west-2.compute.internal>
Date:   Thu Mar 23 16:13:11 2017 +0000

    Chaning the ports so the api calls still work on AWS

commit c22b58cc65190d7a1c438276f4499fc35a493ad4
Author: Caelan Evans <evans.caelan@gmail.com>
Date:   Thu Mar 23 11:02:21 2017 -0500

    Redisplay attributes on table view

commit 22978e2d158f0216ccccbd202b1d33b04a8ad1bd
Author: Dallas Kelle <dallas.kelle@gmail.com>
Date:   Thu Mar 23 09:46:17 2017 -0500

    Pulling and displaying github avatars now

commit 1dd058d30209888ab8cb055acbe1a0a43278c74c
Author: Caelan Evans <evans.caelan@gmail.com>
Date:   Thu Mar 23 05:07:08 2017 -0500

    Updated About page

commit 94f0faa19bc23f15dd75bccd566e927adf9f4a44
Author: Caelan Evans <evans.caelan@gmail.com>
Date:   Thu Mar 23 04:18:35 2017 -0500

    Fixed typo

commit bd8b00e07067e2011f195a15ce9eb4e3121c80af
Author: Caelan Evans <evans.caelan@gmail.com>
Date:   Thu Mar 23 04:17:53 2017 -0500

    Updated API documentation

commit 15b7a6429b8d4dfbc3b1ccba233a81f44bb464f4
Author: Caelan Evans <evans.caelan@gmail.com>
Date:   Thu Mar 23 04:09:07 2017 -0500

    Changed characters list, added character view

commit 393f2b81343d3feb81c45bd339be244568d478a4
Author: Caelan Evans <evans.caelan@gmail.com>
Date:   Thu Mar 23 04:00:46 2017 -0500

    Changed tournaments list, added tournament view

commit 90e410d49d0ae987ae6523bb71f72ca9325844b7
Author: Caelan Evans <evans.caelan@gmail.com>
Date:   Thu Mar 23 03:41:58 2017 -0500

    Changed participants lists, added participant view

commit 7f2e68ac94eb3c9ba2b82658b955f11fb7d0d32f
Merge: 7030595 cc79421
Author: Caelan Evans <evans.caelan@gmail.com>
Date:   Thu Mar 23 03:19:19 2017 -0500

    Merge branch 'dev' of http://github.com/lee-benjamin/cs373-idb into dev

commit 70305956272dc94077c9b134948ea1da629da939
Author: Caelan Evans <evans.caelan@gmail.com>
Date:   Thu Mar 23 03:17:45 2017 -0500

    Added API for individual tournament, participant, and character

commit 207c9d63f3a363150ef12df56d668b914886b4af
Author: Caelan Evans <evans.caelan@gmail.com>
Date:   Thu Mar 23 03:02:43 2017 -0500

    Added tests for API

commit cc7942126ac6cf26cfe61f80ecf0a49d67c0831e
Merge: da63a56 9dd60ec
Author: Dallas Kelle <dallas.kelle@gmail.com>
Date:   Thu Mar 23 02:54:25 2017 -0500

    Fixing merge conflict

commit da63a5695f3d0177e6d599b24a6e99a2956bd749
Author: Dallas Kelle <dallas.kelle@gmail.com>
Date:   Thu Mar 23 02:54:04 2017 -0500

    Working on getting github data into the about page

commit 9dd60ec98dbf93a2d75466111a5c3fb13b5e59ad
Author: MauryaAvirneni <maurya.avirneni@utexas.edu>
Date:   Thu Mar 23 02:26:22 2017 -0500

    Added tables for each piller, data is incomplete

commit b526082c03a1a1f112142791c8ad2f91e8986104
Merge: 9a30aeb 31c9201
Author: MauryaAvirneni <maurya.avirneni@utexas.edu>
Date:   Thu Mar 23 02:08:53 2017 -0500

    Merge branch 'dev' of https://github.com/lee-benjamin/cs373-idb into dev

commit 9a30aeb7e0fe92e2cefbc3f3bfa5f89043d5fbfc
Author: MauryaAvirneni <maurya.avirneni@utexas.edu>
Date:   Thu Mar 23 02:08:47 2017 -0500

    Added basic table to tournaments page

commit 31c920105fae3946ff8bc4c054e86d514df133b0
Author: Dallas Kelle <dallas.kelle@gmail.com>
Date:   Thu Mar 23 01:59:04 2017 -0500

    Adding an about controller, which currently behaves the same as the tournament controller - shows tournament info for 3 tournaments

commit 9c7830efae1c60b7c9552e492799ad048909069e
Merge: bb3a665 92ed07b
Author: Dallas Kelle <dallas.kelle@gmail.com>
Date:   Thu Mar 23 00:17:00 2017 -0500

    Merge conflict

commit bb3a665251f18dd44a43110973237bdb25a3ef53
Author: Dallas Kelle <dallas.kelle@gmail.com>
Date:   Thu Mar 23 00:13:36 2017 -0500

    taking out un needed imports

commit 92ed07be1064534c96e2a5e57ed3efbfdb46c0b3
Author: lee-benjamin <leebenjamin@utexas.edu>
Date:   Thu Mar 23 00:13:08 2017 -0500

    added get request to fetch from tournament api

commit 6b324b830a0c05accf2896f4c05a048d019a60e8
Author: MauryaAvirneni <maurya.avirneni@utexas.edu>
Date:   Thu Mar 23 00:01:15 2017 -0500

    new file for angular controllers

commit 8fcc74f9a8954050920a4ee54580ce6280ede29b
Author: MauryaAvirneni <maurya.avirneni@utexas.edu>
Date:   Wed Mar 22 23:57:29 2017 -0500

    quick angularjs fix

commit ddf0e8ff5ef3132ec58f5c41a2dffc0b6d84485a
Merge: 491aa89 d82b741
Author: MauryaAvirneni <maurya.avirneni@utexas.edu>
Date:   Wed Mar 22 23:45:11 2017 -0500

    Merge branch 'dev' of https://github.com/lee-benjamin/cs373-idb into dev

commit 491aa8919601386d38c72d0f597c3db21ff6a8e5
Author: MauryaAvirneni <maurya.avirneni@utexas.edu>
Date:   Wed Mar 22 23:44:29 2017 -0500

    added angular to tournaments

commit d82b741a273116579cb17e548b755d5dd43ecc01
Author: Caelan Evans <evans.caelan@gmail.com>
Date:   Wed Mar 22 23:11:05 2017 -0500

    Fixed typo

commit 476ff34cb175c5f79933b58a2a3db3c20f89ec9d
Author: Caelan Evans <evans.caelan@gmail.com>
Date:   Wed Mar 22 22:46:48 2017 -0500

    Added initial API implementation

commit 6f27e23981ef606a844b78990df4d970a6dd8cdf
Author: Caelan Evans <evans.caelan@gmail.com>
Date:   Wed Mar 22 22:35:50 2017 -0500

    Updated models

commit badf866b1eca77ae7dd589225e5014e6e1e415b3
Author: Rohit Venugopal <rohitven@cs.utexas.edu>
Date:   Wed Mar 22 22:08:51 2017 -0500

    Removed OBSOLETE gulpfile

commit 8e168669b8bd8bcee697e286dcfeaa54ca159b16
Merge: 33cb685 3037e5a
Author: Ubuntu <ubuntu@ip-172-31-16-25.us-west-2.compute.internal>
Date:   Thu Mar 23 02:58:56 2017 +0000

    Server now runs on prot 80 in debug mode

commit 33cb68532aca472ffd40328b5bbb282c6bbd7b78
Author: Ubuntu <ubuntu@ip-172-31-16-25.us-west-2.compute.internal>
Date:   Thu Mar 23 02:57:44 2017 +0000

    Changing the port the website runs on

commit 3037e5a2e605da7c8e9c760a98af52f287ed84a4
Merge: 2fd495e fc8df43
Author: Dallas Kelle <dallas.kelle@gmail.com>
Date:   Wed Mar 22 21:51:39 2017 -0500

    Chaning the layout of the photos on the home page

commit 2fd495e36d7337e677b4366e8922785d469dcad9
Author: Dallas Kelle <dallas.kelle@gmail.com>
Date:   Wed Mar 22 21:34:11 2017 -0500

    adding in small changes to about.html

commit f155cff528b7a7ff70527575306e0bac8cd2e081
Author: Dallas Kelle <dallas.kelle@gmail.com>
Date:   Wed Mar 22 21:33:14 2017 -0500

    Continuing work on the nav bar, and formatted the images on the homepage

commit fc8df432687c1bed0102ac7370f88714b5303001
Author: Rohit Venugopal <rohitven@cs.utexas.edu>
Date:   Wed Mar 22 21:28:30 2017 -0500

    Fixed links and about page text issue thingy

commit 393aace6b9532f7e5d7e39961bb4b05a463c453c
Author: Dallas Kelle <dallas.kelle@gmail.com>
Date:   Wed Mar 22 20:46:51 2017 -0500

    Working on getting the naav bar to look right on each page

commit f866ffd65ccf098286cb9ba80720a23880e6d41a
Merge: cd298f3 eb5919f
Author: Dallas Kelle <dallas.kelle@gmail.com>
Date:   Wed Mar 22 19:37:22 2017 -0500

    Fixing merge

commit cd298f3878b1b45d612c48e520ca57ade33f4356
Author: Dallas Kelle <dallas.kelle@gmail.com>
Date:   Wed Mar 22 19:36:52 2017 -0500

    Got rid of header - about page no longer has huge header either

commit eb5919ffd58317295f4eb855adf53c5e90e88176
Author: Caelan Evans <evans.caelan@gmail.com>
Date:   Wed Mar 22 18:36:33 2017 -0500

    Changed default move list to None

commit f3c09ff763557e8b0ab12776e73af599f60ff3ea
Author: Caelan Evans <evans.caelan@gmail.com>
Date:   Wed Mar 22 18:34:36 2017 -0500

    Added script to start server

commit 66dc1c174268a76aa6d4f8e367ac265088ea466e
Author: Dallas Kelle <dallas.kelle@gmail.com>
Date:   Wed Mar 22 18:11:48 2017 -0500

    Fixed the nav bar so each HTML page inherits it automatically

commit 79b68b5768848f1ff22a88c8117e57165c018806
Author: Dallas Kelle <dallas.kelle@gmail.com>
Date:   Wed Mar 22 18:02:51 2017 -0500

    Now we only have one nav bar, which is loaded from index.html

commit 652df795b7f2eaef8a2aa6e7aa1c9cd6a2af223b
Merge: 2601234 9139f84
Author: Dallas Kelle <dallas.kelle@gmail.com>
Date:   Wed Mar 22 17:53:19 2017 -0500

    fixing merge conflict

commit 260123491fc58fdd0004b63fa89fc018c218b3f6
Author: Dallas Kelle <dallas.kelle@gmail.com>
Date:   Wed Mar 22 17:49:21 2017 -0500

    Adding some test code to about.html

commit 9139f84945941ee9832c521816628fcd11fe8849
Author: MauryaAvirneni <maurya.avirneni@utexas.edu>
Date:   Wed Mar 22 17:43:46 2017 -0500

    added UML

commit d6390a1e615717d7d5b7b846885eff558352be2a
Author: Dallas Kelle <dallas.kelle@gmail.com>
Date:   Wed Mar 22 17:35:19 2017 -0500

    Changing the structure of index.html - index.html is mostly a blank website, and we now once again have app.js routing between the static html pages we have

commit bfaf978528d80c7ce7e9f4ffd2391716aa9a5d1d
Author: lee-benjamin <leebenjamin@utexas.edu>
Date:   Wed Mar 22 17:25:15 2017 -0500

    added still transparent navbar to pillar pages, changed some words in index.html

commit 7a3f252d51eeec4880b396a230892a1385ff904b
Author: Caelan Evans <evans.caelan@gmail.com>
Date:   Wed Mar 22 16:36:30 2017 -0500

    Changed images

commit 4a6dcd2fdf37ed7940a221eccb36b10d56f9b68a
Author: MauryaAvirneni <maurya.avirneni@utexas.edu>
Date:   Wed Mar 22 16:29:13 2017 -0500

    updated bootstrap

commit cc0067555dbef21501d39f3c8765dafa63899c6b
Author: lee-benjamin <leebenjamin@utexas.edu>
Date:   Tue Mar 21 22:05:12 2017 -0500

    added beginnings of models.py

commit 4e2260d228a085dfde7fb28737f5d6be03f13688
Author: lee-benjamin <leebenjamin@utexas.edu>
Date:   Tue Mar 21 21:50:18 2017 -0500

    added skeleton of tests.py

commit 480cf6ad037574fe45387b2d48cf0d35e8965ffa
Author: Caelan Evans <evans.caelan@gmail.com>
Date:   Tue Mar 21 20:08:43 2017 -0500

    Fixed more paths

commit 0f2bad7a8aca6b6067ca92fa42e748879b2897ff
Author: Caelan Evans <evans.caelan@gmail.com>
Date:   Tue Mar 21 20:07:50 2017 -0500

    Ignore virtualenv directories

commit da67aa4f81046d43e564c1e8aeaabccc28ffea94
Author: Caelan Evans <evans.caelan@gmail.com>
Date:   Tue Mar 21 19:33:29 2017 -0500

    Initial Flask implementation, 404's for external assets

commit 1ba8f922d3884556f08726efc3e24f276cd9ab6e
Author: Caelan Evans <evans.caelan@gmail.com>
Date:   Tue Mar 21 19:21:57 2017 -0500

    Remove old file structure

commit 7c78111f2976b0d05d8752b702fe5a7f198cb44e
Author: Caelan Evans <evans.caelan@gmail.com>
Date:   Tue Mar 21 19:19:55 2017 -0500

    Conform to flask app structure

commit d070f387da2004cca2b2bc90ffeb69887e65267f
Author: Caelan Evans <evans.caelan@gmail.com>
Date:   Tue Mar 21 19:15:51 2017 -0500

    Fix image path

commit 7220816503bbf1acaf500090ae8282008c875a21
Author: Caelan Evans <evans.caelan@gmail.com>
Date:   Tue Mar 21 19:15:36 2017 -0500

    Cleanup repo

commit 4b27630c9b955b0761f62ba3000d0fc5be1732b5
Author: RohitVen <rohit.venugopal@yahoo.com>
Date:   Tue Mar 21 16:55:57 2017 -0500

    Model website

commit a550634c65bb90f4dce676120abf9030ab8906f7
Merge: 9f74d1e 6e0de92
Author: root <root@ip-172-31-13-110.us-west-2.compute.internal>
Date:   Tue Mar 21 16:52:31 2017 +0000

    Merge branch 'dev'

commit 9f74d1e63c23e7895267630484f4ec7932355c13
Merge: 6a1b704 ecfcd9b
Author: root <root@ip-172-31-13-110.us-west-2.compute.internal>
Date:   Tue Mar 21 16:48:17 2017 +0000

    Merge branch 'master' of https://github.com/lee-benjamin/cs373-idb

commit 6a1b7040dfcd85533539276e288275109697e9e9
Author: root <root@ip-172-31-13-110.us-west-2.compute.internal>
Date:   Tue Mar 21 16:48:11 2017 +0000

    Adding in the new index.html

commit ecfcd9b5814678ecd9368d0dcd804310bfbeed51
Author: lee-benjamin <ben.chiwen.lee@gmail.com>
Date:   Tue Mar 21 11:43:23 2017 -0500

    Fixed typo and added new line

commit 11f3f2e73b7ef4307c01af089ae6931f662c370f
Author: lee-benjamin <ben.chiwen.lee@gmail.com>
Date:   Tue Mar 21 11:41:00 2017 -0500

    Transferring API Description file from Apiary.io

commit 6e0de928b994e0a173dfb4c0380c4eba762d7402
Author: Caelan Evans <evans.caelan@gmail.com>
Date:   Tue Mar 21 10:59:16 2017 -0500

    Initial makefile

commit 69a06ce38059954c846ff579167b94fce6eba556
Merge: c65cced caf5bd7
Author: lee-benjamin <leebenjamin@utexas.edu>
Date:   Tue Mar 21 10:57:52 2017 -0500

    Merge branch 'dev' of https://github.com/lee-benjamin/cs373-idb into dev

commit c65cced78cba0870fa95312d67246de565a4de12
Author: lee-benjamin <leebenjamin@utexas.edu>
Date:   Tue Mar 21 10:56:53 2017 -0500

    adding .travis.yml

commit caf5bd780b4e696083790189bdfbc8f95906ec8b
Author: Caelan Evans <evans.caelan@gmail.com>
Date:   Mon Mar 20 17:10:32 2017 -0500

    Updated file descriptions

commit 4e8f88ca87b0a076e91b056fc3828dea012595c8
Author: Caelan Evans <evans.caelan@gmail.com>
Date:   Mon Mar 20 17:10:19 2017 -0500

    Added participants

commit 0ff20c45fd70673c011615d86066445f1f547c87
Author: Caelan Evans <evans.caelan@gmail.com>
Date:   Mon Mar 20 16:30:38 2017 -0500

    Fixed pickled data

commit 5451f3ebc9d172230f49c4b090f0dcc1ccea280a
Author: Caelan Evans <evans.caelan@gmail.com>
Date:   Mon Mar 20 15:59:53 2017 -0500

    Added tournament data

commit 99dd29fc339ec56ef3523e4331732f6049859fee
Author: RohitVen <RohitVen@users.noreply.github.com>
Date:   Sat Mar 18 16:34:58 2017 -0500

    Update README

commit 3724459661b875d4638841ef252d7d052f9b78eb
Author: RohitVen <rohit.venugopal@yahoo.com>
Date:   Sat Mar 18 16:39:18 2017 -0500

    First commit. Base landing page
