commit fced4e03686e01218bcee08406c258001ea21118
Merge: 92730c9 bdfa1fc
Author: Caelan Evans <evans.caelan@gmail.com>
Date:   Thu Apr 20 18:19:10 2017 -0500

    Merge branch 'dev'

commit bdfa1fcb729f4a7da780bd92a363b5e6121488f0
Author: Caelan Evans <evans.caelan@gmail.com>
Date:   Thu Apr 20 18:18:28 2017 -0500

    Update makefile

commit ac986857da137cf8e0e77579981a115653401d47
Author: Caelan Evans <evans.caelan@gmail.com>
Date:   Thu Apr 20 18:05:47 2017 -0500

    Updated about page

commit 92730c9b09a0db3c1bbd58f63e0da4a23d4cc10a
Merge: ff5b27f ddba6a9
Author: Caelan Evans <caelanevans@users.noreply.github.com>
Date:   Thu Apr 20 17:43:16 2017 -0500

    Merge pull request #78 from lee-benjamin/dev
    
    Update API

commit ddba6a94e335fea01a8a6c924508174fe19faa57
Author: Caelan Evans <evans.caelan@gmail.com>
Date:   Thu Apr 20 17:37:14 2017 -0500

    Updated API

commit 9e96be3de1402f0ead3228ad0607c04f29e1a398
Author: Caelan Evans <evans.caelan@gmail.com>
Date:   Thu Apr 20 17:33:37 2017 -0500

    Remove clusters

commit ff5b27fb1438fdc0e3ef0907e6ce1252e9e4b37c
Merge: a1010d7 974410c
Author: lee-benjamin <leebenjamin@utexas.edu>
Date:   Thu Apr 20 17:21:26 2017 -0500

    Merge pull request #77 from lee-benjamin/dev
    
    Revert kmeans dynamic

commit 974410c29cca2f3d46084e06713f6865cc89ee7d
Author: Caelan Evans <evans.caelan@gmail.com>
Date:   Thu Apr 20 16:55:48 2017 -0500

    Apache pls

commit 43e56bea99cb002dccb36402f7cc8374f55f6970
Author: Caelan Evans <evans.caelan@gmail.com>
Date:   Thu Apr 20 15:54:55 2017 -0500

    Change to static data

commit a1010d7824683c7d85034e8f78f93bc8d1696580
Merge: db26743 2107e24
Author: Caelan Evans <caelanevans@users.noreply.github.com>
Date:   Thu Apr 20 14:07:23 2017 -0500

    Merge pull request #76 from lee-benjamin/dev
    
    Added news API calls

commit 2107e248566700d4d987fccd666292d3ca6ad75e
Author: Caelan Evans <evans.caelan@gmail.com>
Date:   Thu Apr 20 13:57:05 2017 -0500

    Update README

commit 2fcd101e815dbbc49486c89d3986d1e9f6f29e83
Author: Caelan Evans <evans.caelan@gmail.com>
Date:   Thu Apr 20 13:56:02 2017 -0500

    Update issue count

commit c1b7b0b971826a16940d8344cd1a63bd01b09887
Author: Caelan Evans <evans.caelan@gmail.com>
Date:   Thu Apr 20 13:50:46 2017 -0500

    Update news page

commit 5284a8ae20a4be0af0d1faffaf7c9a63503aa36a
Author: Caelan Evans <evans.caelan@gmail.com>
Date:   Thu Apr 20 13:29:11 2017 -0500

    Added cluster input

commit 3e7c4d532fce56dd4d1f982eb51f5d8c1ed992e6
Author: lee-benjamin <leebenjamin@utexas.edu>
Date:   Thu Apr 20 12:24:50 2017 -0500

    added new routes to apiary docs. news will fail because the clustering stuff isn't on AWS yet

commit 4793b60158f13b84599fc060948e5f2bb1217007
Author: Caelan Evans <evans.caelan@gmail.com>
Date:   Thu Apr 20 12:17:44 2017 -0500

    Fixed/updated news API

commit 8f7fba4e1d08862f5db216a5330a02598cd9aa2f
Author: Caelan Evans <evans.caelan@gmail.com>
Date:   Thu Apr 20 11:35:22 2017 -0500

    Added kmeans API

commit 46b4196e7d0e0d3051f16412cf54f34080b1e27b
Merge: cab3466 cfe961b
Author: lee-benjamin <leebenjamin@utexas.edu>
Date:   Wed Apr 19 18:34:36 2017 -0500

    Merge branch 'dev' of https://github.com/lee-benjamin/cs373-idb into dev

commit cab3466cf55191eb4e6d34299e1fe995893eeae0
Author: lee-benjamin <leebenjamin@utexas.edu>
Date:   Wed Apr 19 18:31:36 2017 -0500

    added unit tests for new routes

commit db26743dacef0bdb6d2d4c1accee63d5c91b9813
Merge: 1a995a9 cfe961b
Author: Caelan Evans <caelanevans@users.noreply.github.com>
Date:   Wed Apr 19 17:40:22 2017 -0500

    Merge pull request #73 from lee-benjamin/dev
    
    Fix unittests, better search page

commit cfe961bafbab56ce807dc341682fe7be0b12ff5c
Author: Caelan Evans <evans.caelan@gmail.com>
Date:   Wed Apr 19 17:08:06 2017 -0500

    Fixed tests

commit 99fa13891c6882764b6d60fd75e26f50152941a4
Author: Rohit Venugopal <rohitven@cs.utexas.edu>
Date:   Wed Apr 19 16:41:27 2017 -0500

    Only show results > 1. Added search results table headers

commit 1a995a9201f9b97b3906e4a2ce5095227dcd3935
Merge: ffba718 c87677d
Author: lee-benjamin <leebenjamin@utexas.edu>
Date:   Wed Apr 19 15:48:50 2017 -0500

    Merge pull request #72 from lee-benjamin/dev
    
    Merge into master

commit c87677deddf1a39aaf70d3d582f90f00bce710c3
Merge: 2f77c34 6e6899c
Author: Caelan Evans <evans.caelan@gmail.com>
Date:   Wed Apr 19 12:47:40 2017 -0500

    Merge branch 'dev' of https://github.com/lee-benjamin/cs373-idb into dev

commit 2f77c345d35e0154ec897126e2e609ed6a7b46de
Author: Caelan Evans <evans.caelan@gmail.com>
Date:   Wed Apr 19 12:46:49 2017 -0500

    Updated JSON test

commit 6e6899c9f194d7364d827629cfa50689d03c20f0
Author: Dallas Kelle <dallas.kelle@gmail.com>
Date:   Tue Apr 18 23:25:59 2017 -0500

    The 'participant' table on the 'character' page now links to particpants whereas before it accidentally linked to tournaments

commit 590e89cf6e6af17c73aa3cc7ba4970ef3497a88b
Merge: bdbefbe ab101fc
Author: Dallas Kelle <dallas.kelle@gmail.com>
Date:   Tue Apr 18 22:26:38 2017 -0500

    Fixing merge conflict

commit bdbefbe911f775d15b370a07c7be733f151d38ce
Author: Dallas Kelle <dallas.kelle@gmail.com>
Date:   Tue Apr 18 22:26:21 2017 -0500

    Changing CSS of individual character page

commit ab101fc08b00bee3c83c2bb9635ba58f2d355079
Author: Rohit Venugopal <rohitven@cs.utexas.edu>
Date:   Tue Apr 18 16:50:53 2017 -0500

    Labeled Search tables. Able to sort moves now

commit ac2c5896d3d11e74ff4eb13ed195eb4b8c07cae2
Author: Caelan Evans <evans.caelan@gmail.com>
Date:   Tue Apr 18 14:27:55 2017 -0500

    Added searching capability

commit bba7f55e3c7fc2b471e01ba8ddf619fb0394b9a4
Merge: 3090281 7871ede
Author: Rohit Venugopal <rohitven@cs.utexas.edu>
Date:   Tue Apr 18 12:26:31 2017 -0500

    Merge branch 'dev' of https://github.com/lee-benjamin/cs373-idb into dev

commit 30902819ebbe0a3f7ed4b825d14bc0ea3c7915e5
Author: Rohit Venugopal <rohitven@cs.utexas.edu>
Date:   Tue Apr 18 12:26:28 2017 -0500

    Added Search bar. Needs functionality

commit 7871ede942434afadc1ad1043c98543ab3eb97c6
Author: Caelan Evans <evans.caelan@gmail.com>
Date:   Tue Apr 18 12:03:43 2017 -0500

    Added search API route

commit dcf2862d73d47736495b80f5f3ed39d63356b601
Merge: 7042d28 8c36a54
Author: Rohit Venugopal <rohitven@cs.utexas.edu>
Date:   Mon Apr 17 17:57:53 2017 -0500

    Merge branch 'dev' of https://github.com/lee-benjamin/cs373-idb into dev

commit 7042d28d88a11c7d212ea61d4e15a63aca62704f
Author: Rohit Venugopal <rohitven@cs.utexas.edu>
Date:   Mon Apr 17 17:57:13 2017 -0500

    Added Participants to Character. Minor CSS changes

commit 8c36a541b2940c5a67d0b3157b99b515da930301
Author: Benjamin Lee <benlee@cs.utexas.edu>
Date:   Mon Apr 17 17:41:49 2017 -0500

    added tearDown() to tests.py

commit 48330844b853b6d8e4a12b8fe8839941ea0f92ae
Author: Rohit Venugopal <rohitven@cs.utexas.edu>
Date:   Mon Apr 17 17:40:03 2017 -0500

    Added Participants to Tournament

commit af8452fbc6a82068699c4b7c57b5a6de3b867e71
Author: Rohit Venugopal <rohitven@cs.utexas.edu>
Date:   Mon Apr 17 17:37:00 2017 -0500

    Added Tournaments to Participants

commit d11620b67454b0f7a1c993b10f6d56c5944bd2d1
Merge: 1425f5d 822f6ef
Author: Rohit Venugopal <rohitven@cs.utexas.edu>
Date:   Mon Apr 17 17:26:00 2017 -0500

    Merge branch 'dev' of https://github.com/lee-benjamin/cs373-idb into dev

commit 1425f5d5f3f7b81515764c3d498dfa6cfb517a0b
Author: Rohit Venugopal <rohitven@cs.utexas.edu>
Date:   Mon Apr 17 17:25:55 2017 -0500

    Added participants for a tournament

commit 822f6ef244923aadb0910cab5f750489f3370e76
Author: Caelan Evans <evans.caelan@gmail.com>
Date:   Mon Apr 17 17:24:25 2017 -0500

    Fix returned JSON for similar participants

commit 497238f750994a26ec755b72d3100673e47a6f52
Merge: 900dc71 d94038e
Author: Rohit Venugopal <rohitven@cs.utexas.edu>
Date:   Mon Apr 17 16:26:33 2017 -0500

    Merge branch 'dev' of https://github.com/lee-benjamin/cs373-idb into dev

commit 900dc716039e56a9aabb25635539f3c67e50c647
Author: Rohit Venugopal <rohitven@cs.utexas.edu>
Date:   Mon Apr 17 16:26:30 2017 -0500

    Search WIP

commit d94038e57766454df544abe4a1b52a11329859de
Author: Caelan Evans <evans.caelan@gmail.com>
Date:   Mon Apr 17 16:19:57 2017 -0500

    Added route for getting paticipants who use a character

commit ea03d762000ec969b682d86cce61e9f013ddf696
Author: Caelan Evans <evans.caelan@gmail.com>
Date:   Mon Apr 17 15:57:21 2017 -0500

    Changed route path

commit a39802a8b21e0915f4269067197b2440d8b04f00
Author: Caelan Evans <evans.caelan@gmail.com>
Date:   Mon Apr 17 15:56:58 2017 -0500

    Added route for finding other participants with similar name

commit fcea45c934ef2943068d25a4aaa93677fcfb7594
Author: Caelan Evans <evans.caelan@gmail.com>
Date:   Mon Apr 17 15:50:12 2017 -0500

    Added route for getting all participants for a tournament

commit ffba7181676003f23c2662c7e48cdf76c8a0ade8
Merge: b572671 07042e3
Author: lee-benjamin <leebenjamin@utexas.edu>
Date:   Mon Apr 17 15:42:20 2017 -0500

    Merge pull request #65 from lee-benjamin/dev
    
    Test pull request process

commit 07042e39a38f787d4f3de81749c6b5143e7381b4
Author: Caelan Evans <evans.caelan@gmail.com>
Date:   Mon Apr 17 15:33:04 2017 -0500

    Test pull request process

commit b57267180b1bbd7df89c06bd5ec02ba0e7fb20a5
Merge: 8e88cf9 4d3916c
Author: Caelan Evans <evans.caelan@gmail.com>
Date:   Mon Apr 17 15:29:22 2017 -0500

    Merge branch 'master' into dev

commit 8e88cf9703fd99bab11863a3a757d92e3111ce77
Author: Caelan Evans <evans.caelan@gmail.com>
Date:   Mon Apr 17 15:28:00 2017 -0500

    Initial commit for other group API

commit 4d3916cdf8725a39fed992b27ffaad384fe7ce46
Author: Caelan Evans <evans.caelan@gmail.com>
Date:   Thu Apr 6 18:54:45 2017 -0500

    Added log

commit bf649934e5c33c16ba312ba34f2b07eaa4a0b9a5
Author: Caelan Evans <evans.caelan@gmail.com>
Date:   Thu Apr 6 18:39:13 2017 -0500

    Added models.html

commit 863143c8a9101f90803b3a877e3cb0271cc0440c
Author: Caelan Evans <evans.caelan@gmail.com>
Date:   Thu Apr 6 18:25:03 2017 -0500

    Updated about page

commit eb2579e870a69cb37f7a383a0b409f97c33cf888
Merge: 9ad43b8 e89487e
Author: Caelan Evans <evans.caelan@gmail.com>
Date:   Thu Apr 6 17:52:16 2017 -0500

    Merge branch 'master' into dev

commit 9ad43b8772281d84dc95a3d587b4f6d44a19fca3
Author: Dallas Kelle <dallas.kelle@gmail.com>
Date:   Thu Apr 6 16:17:02 2017 -0500

    fix a spelling

commit 5583424160b2947f870b60219a859c9ed9673bf4
Merge: 0f90276 4120a0a
Author: Dallas Kelle <dallas.kelle@gmail.com>
Date:   Thu Apr 6 16:10:40 2017 -0500

    merge conficts

commit 0f90276beb6be64da277199d57efd400459e739a
Author: Dallas Kelle <dallas.kelle@gmail.com>
Date:   Thu Apr 6 16:10:28 2017 -0500

    Continuing CSS work for individual characters, and now also individual tournaments

commit 4120a0aee02411ebc87e9e919951dc422b57d843
Author: Caelan Evans <evans.caelan@gmail.com>
Date:   Thu Apr 6 15:51:03 2017 -0500

    Add back coverage

commit 129334324163bad50b6f6276110aa118d1f8be74
Merge: 357d963 0c3c7c7
Author: Dallas Kelle <dallas.kelle@gmail.com>
Date:   Thu Apr 6 15:44:28 2017 -0500

    fixing merge

commit 357d963d50efe0d94d75c8ff0809e03cb2f0e7ff
Author: Dallas Kelle <dallas.kelle@gmail.com>
Date:   Thu Apr 6 15:44:14 2017 -0500

    Now include tier in 'characters' page

commit 1c18b71808869bfc49e42f5b24e2995f91fbfb55
Author: Dallas Kelle <dallas.kelle@gmail.com>
Date:   Thu Apr 6 15:43:46 2017 -0500

    Moving table text to center of td instead of top

commit 0c3c7c7fae4e9bc932a967173d635a22e0ce3cb4
Author: Caelan Evans <evans.caelan@gmail.com>
Date:   Thu Apr 6 14:55:35 2017 -0500

    Supress coverage for now

commit 827935ccfe37637d71a6d15cb468f83b215883a7
Merge: 8916625 eb29b3c
Author: Caelan Evans <evans.caelan@gmail.com>
Date:   Thu Apr 6 14:53:19 2017 -0500

    Merge branch 'dev' of https://github.com/lee-benjamin/cs373-idb into dev

commit eb29b3c1b1d76fbe1915562eb810ec927ca88d68
Merge: 8ab86ed cee81aa
Author: Dallas Kelle <dallas.kelle@gmail.com>
Date:   Thu Apr 6 14:52:38 2017 -0500

    fixing merge conflict

commit 8ab86ed48ebf1f20f4e47f315c30e9f59fed0f9f
Author: Dallas Kelle <dallas.kelle@gmail.com>
Date:   Thu Apr 6 14:52:20 2017 -0500

    working on CSS improvements for the individual character page

commit 8916625a7f7f8246a714bcad9153c8179f68e36d
Author: Caelan Evans <evans.caelan@gmail.com>
Date:   Thu Apr 6 14:52:19 2017 -0500

    Update pip packages

commit cee81aa29d3793936c49b32b64ad90d5cc668059
Author: Caelan Evans <evans.caelan@gmail.com>
Date:   Thu Apr 6 14:49:20 2017 -0500

    Move config into app/

commit 4028ba349048d0d37dfc6b5603cd7b9748f46b52
Author: Caelan Evans <evans.caelan@gmail.com>
Date:   Thu Apr 6 14:37:59 2017 -0500

    jk maybe don't print our password

commit 8cc3862f99be1f9741c1df385c5b32b4552f1107
Merge: cc14a8f 26b617c
Author: Caelan Evans <evans.caelan@gmail.com>
Date:   Thu Apr 6 14:32:32 2017 -0500

    Merge branch 'dev' of https://github.com/lee-benjamin/cs373-idb into dev

commit cc14a8fa03fecc2930e1be7beab980007dbc63c5
Author: Caelan Evans <evans.caelan@gmail.com>
Date:   Thu Apr 6 14:32:08 2017 -0500

    Test make_config on travis

commit 26b617c6f391b1180b0b2bf8b4e36f947905f1f1
Author: lee-benjamin <leebenjamin@utexas.edu>
Date:   Thu Apr 6 13:39:00 2017 -0500

    updated the Apiary docs

commit 21cfd0d01f52ebdf23397729cefeca8544d1e8bd
Author: lee-benjamin <leebenjamin@utexas.edu>
Date:   Thu Apr 6 13:30:30 2017 -0500

    minor fix on method name

commit 26171328f2d92deeff014ebb51637ec7ba5ea0a9
Merge: 6a39dd9 b898f93
Author: lee-benjamin <leebenjamin@utexas.edu>
Date:   Thu Apr 6 13:27:58 2017 -0500

    Merge branch 'dev' of https://github.com/lee-benjamin/cs373-idb into dev

commit 6a39dd9aa930e019e90277ff7511ad7c38afa641
Author: lee-benjamin <leebenjamin@utexas.edu>
Date:   Thu Apr 6 13:27:37 2017 -0500

    added unit tests for API calls

commit 709e82b9bbd57a8deed432143f7a4fc2e49e5f52
Author: lee-benjamin <leebenjamin@utexas.edu>
Date:   Thu Apr 6 13:26:42 2017 -0500

    added unit tests for API calls

commit b898f93bbca539af19ca5e13f0102884ecf6e48c
Author: Rohit Venugopal <rohitven@cs.utexas.edu>
Date:   Thu Apr 6 12:15:23 2017 -0500

    Data scraping description added

commit 2230ef5a2486060b85cc14602b40c31f79bab48c
Author: Rohit Venugopal <rohitven@cs.utexas.edu>
Date:   Thu Apr 6 11:38:46 2017 -0500

    Wrong sort for tourney locations. Fixed

commit 564140e335a9b9a14ce3b23a135f597cc175d24c
Author: Rohit Venugopal <rohitven@cs.utexas.edu>
Date:   Thu Apr 6 11:37:48 2017 -0500

    Update About

commit 42818917f676a98b0c070b7e6d5cb48cc0b6bc08
Merge: 14b3476 9547f5e
Author: Rohit Venugopal <rohitven@cs.utexas.edu>
Date:   Thu Apr 6 11:30:57 2017 -0500

    merge

commit 14b3476102d5f090b6a34b817a74f18c996d41e1
Author: Rohit Venugopal <rohitven@cs.utexas.edu>
Date:   Thu Apr 6 11:29:30 2017 -0500

    Updated about

commit 9547f5ea8c9f51f8082fe808d7cab4960c5c3e53
Merge: e89c201 c40c55e
Author: lee-benjamin <leebenjamin@utexas.edu>
Date:   Thu Apr 6 11:29:16 2017 -0500

    Merge branch 'dev' of https://github.com/lee-benjamin/cs373-idb into dev

commit e89c2010477915ef0072f402432d1cdcd9da1617
Author: lee-benjamin <leebenjamin@utexas.edu>
Date:   Thu Apr 6 11:29:08 2017 -0500

    added tests for models and changed makefile to account for IDB2.log

commit 292b8a0f6118cdad406faf1dba1acc86a820a582
Author: Rohit Venugopal <rohitven@cs.utexas.edu>
Date:   Thu Apr 6 11:17:55 2017 -0500

    Fixed sort by year

commit c40c55e4857a94d99b2121d203154da34b4d1fcc
Merge: ddc5646 04ea69e
Author: Maurya Avirneni <maurya.avirneni@utexas.edu>
Date:   Thu Apr 6 11:15:22 2017 -0500

    Quick updates

commit ddc564643d7846adc569c8c83ced474f1df70468
Author: Maurya Avirneni <maurya.avirneni@utexas.edu>
Date:   Thu Apr 6 11:15:04 2017 -0500

    Updated UML

commit 04ea69ee3144343de2349321a3803c2b57b32ef2
Merge: f95b3c6 7b8ee26
Author: Caelan Evans <evans.caelan@gmail.com>
Date:   Thu Apr 6 11:09:09 2017 -0500

    Merge branch 'dev' of https://github.com/lee-benjamin/cs373-idb into dev

commit f95b3c687a1f4463544aa4e67bd1132a2b8c5fd4
Author: Caelan Evans <evans.caelan@gmail.com>
Date:   Thu Apr 6 11:08:55 2017 -0500

    Cast weight and debut back to ints

commit 7b8ee26854d22b4244346d49be55f4f49cacfeb9
Author: Dallas Kelle <dallas.kelle@gmail.com>
Date:   Thu Apr 6 09:25:27 2017 -0500

    Changing the layout of the individual character page

commit 70f86c570dd79488c4da8af64f296135137247ff
Author: Caelan Evans <evans.caelan@gmail.com>
Date:   Thu Apr 6 02:42:22 2017 -0500

    Added pagination, sorting, for characters

commit e48d6f0ae90af1edbc2dd2dcf7d4c54627859d78
Author: Caelan Evans <evans.caelan@gmail.com>
Date:   Thu Apr 6 02:34:41 2017 -0500

    Added pagination, sorting, for tournaments

commit 71e002e7b3797ee594a2c2cf22da2f55c99803b4
Author: Caelan Evans <evans.caelan@gmail.com>
Date:   Thu Apr 6 02:15:29 2017 -0500

    Ignore population code

commit 34455265a82afcb015503c8027b7956f8cfec883
Author: Caelan Evans <evans.caelan@gmail.com>
Date:   Thu Apr 6 02:14:54 2017 -0500

    Updated tournaments table and detail page

commit 688d9243527ac784b35e6a6a14740ec2443ad83f
Author: Caelan Evans <evans.caelan@gmail.com>
Date:   Thu Apr 6 02:14:10 2017 -0500

    Compute number of participants

commit 82068b65d67e7c858810cafc203ddb4fb7883eb3
Author: Caelan Evans <evans.caelan@gmail.com>
Date:   Thu Apr 6 02:06:42 2017 -0500

    Updated participant page

commit d7cca99ead60a7ff75940b615f37dd84e9bad080
Author: Caelan Evans <evans.caelan@gmail.com>
Date:   Thu Apr 6 02:03:40 2017 -0500

    Updated participants table

commit f573390ac02c60c3cd421cff7ffd1ae71db62cdf
Author: Caelan Evans <evans.caelan@gmail.com>
Date:   Thu Apr 6 01:43:40 2017 -0500

    Changed clantag to sponsor

commit 7e2b176b097c062df565879389845030470533a8
Author: Caelan Evans <evans.caelan@gmail.com>
Date:   Thu Apr 6 01:03:33 2017 -0500

    Changed variable names

commit 12a2cd0c8216d2089f4f62047df11a7b2560ebda
Merge: c192866 c33d956
Author: Rohit Venugopal <rohitven@cs.utexas.edu>
Date:   Wed Apr 5 21:54:34 2017 -0500

    Added factory. Data is being pulled properly.

commit c1928661473ef658540606196723b7fa1b07f823
Author: Rohit Venugopal <rohitven@cs.utexas.edu>
Date:   Wed Apr 5 21:51:56 2017 -0500

    Added factory. Data is being pulled properly.

commit c33d956b5a0df93f7d7f8f8152e05face8cef902
Author: mauryaavirneni <maurya.avirneni@utexas.edu>
Date:   Wed Apr 5 20:33:04 2017 -0500

    fixed my name

commit 4ebe238424eb3a35395802011ca7e0490c20f379
Author: mauryaavirneni <maurya.avirneni@utexas.edu>
Date:   Wed Apr 5 20:22:08 2017 -0500

    added check for localhost

commit df14b1ce6d053f2583c9bcd9e1567720d5d7eca5
Merge: 0948d4c 9cfcb64
Author: mauryaavirneni <maurya.avirneni@utexas.edu>
Date:   Wed Apr 5 19:59:32 2017 -0500

    Merge branch 'dev' of https://github.com/lee-benjamin/cs373-idb into dev

commit 9cfcb648f6377a9800b12db72b44f729dd8c9c79
Author: Dallas Kelle <dallas.kelle@gmail.com>
Date:   Wed Apr 5 19:34:22 2017 -0500

    Now able to get participant main by joining with character table

commit ea997ff37d197518ad0a6529a1903a89d03e4dab
Author: Dallas Kelle <dallas.kelle@gmail.com>
Date:   Wed Apr 5 19:05:01 2017 -0500

    Making more progress on individual 'character' page

commit 630566bba794219f9539b2b170e8c7fae2c67ae2
Author: Dallas Kelle <dallas.kelle@gmail.com>
Date:   Wed Apr 5 18:52:16 2017 -0500

    Making progress on individual 'character', 'tournament', 'participant' pages

commit 0948d4c89d70de0a34eba22e266c8fdba3d77bdf
Merge: 7b9613b fb73188
Author: mauryaavirneni <maurya.avirneni@utexas.edu>
Date:   Wed Apr 5 18:35:23 2017 -0500

    pulling latest

commit 20579413ef1ab079736ed9453d65c4f7405ae61e
Merge: 1147ed8 fb73188
Author: Rohit Venugopal <rohitven@cs.utexas.edu>
Date:   Wed Apr 5 18:28:47 2017 -0500

    Pagination working on static data. Tables sortable. Need to work on dynamically loading data

commit 1147ed8698212c440d21fe703c4e6ddc249cd94e
Author: Rohit Venugopal <rohitven@cs.utexas.edu>
Date:   Wed Apr 5 18:25:12 2017 -0500

    Pagination working on static data. Tables sortable. Need to work on dynamically loading data

commit fb7318884760e6adbc58480b0cdf1f8595948b00
Author: Benjamin Lee <benlee@cs.utexas.edu>
Date:   Wed Apr 5 18:20:51 2017 -0500

    added tests for Character, need to finish the rest

commit 204f09e9592a351af9e66c52a8473141eed3451a
Author: Dallas Kelle <dallas.kelle@gmail.com>
Date:   Wed Apr 5 18:15:00 2017 -0500

    Fixing 'more info' link on character page

commit 0911648227ff6d8326c982bb85cafa607dc2cafa
Author: Dallas Kelle <dallas.kelle@gmail.com>
Date:   Wed Apr 5 17:47:27 2017 -0500

    fixing column names for characters table

commit 48ddf8ca65e29abcba6af7a5210b13aad293ddba
Author: Dallas Kelle <dallas.kelle@gmail.com>
Date:   Wed Apr 5 17:45:27 2017 -0500

    Fixing the column names for tournaments table

commit aac858450b099041cd65a4a6a6f540b23847e9db
Author: Dallas Kelle <dallas.kelle@gmail.com>
Date:   Wed Apr 5 17:36:29 2017 -0500

    Fixing column names of participants table

commit 5318f9ff8bea445a06abecfd3e4703d5e48c5689
Author: Caelan Evans <evans.caelan@gmail.com>
Date:   Wed Apr 5 16:18:59 2017 -0500

    API fixed and done(?)

commit 3152169ed8eb0113b141694b262679287e70ca5a
Author: Caelan Evans <evans.caelan@gmail.com>
Date:   Wed Apr 5 01:20:25 2017 -0500

    Initial database querying

commit 5255690736c93f9c9f51af3fa4e6ecc080dcd451
Merge: 23ca727 7db899d
Author: Caelan Evans <evans.caelan@gmail.com>
Date:   Wed Apr 5 01:07:10 2017 -0500

    Merge branch 'dev' of https://github.com/lee-benjamin/cs373-idb into dev

commit 23ca7277a5abfe7c59985f946254868b2c2b45f5
Author: Caelan Evans <evans.caelan@gmail.com>
Date:   Wed Apr 5 01:04:14 2017 -0500

    Updated models

commit 7db899d3d194f2f0cfc2bfa23eb2163a1e78b5e0
Author: lee-benjamin <leebenjamin@utexas.edu>
Date:   Wed Apr 5 00:16:39 2017 -0500

    added images for each character

commit 77b7526f32289f3646ae293eb95498833d816169
Merge: 5c5deaf 42d6408
Author: Dallas Kelle <dallas.kelle@gmail.com>
Date:   Tue Apr 4 23:25:21 2017 -0500

    fixing merge conflict

commit 5c5deaf9398a2053d487a798088d61c05987189b
Author: Dallas Kelle <dallas.kelle@gmail.com>
Date:   Tue Apr 4 23:22:47 2017 -0500

    Fixing CSS and column names of tournament.html

commit 04914a24c32d8976b686bee4f9126ca8c553b6c1
Author: Dallas Kelle <dallas.kelle@gmail.com>
Date:   Tue Apr 4 23:17:24 2017 -0500

    Adding CSS and table column lables to participant.html

commit 18a9a4b8f8ccf6f720cc38d33763372054f46a03
Author: Dallas Kelle <dallas.kelle@gmail.com>
Date:   Tue Apr 4 23:16:08 2017 -0500

    Fixed the CSS and column labels for character.htm

commit 6f3cd9f3364f6d319dc0118325452e70be59a611
Author: Dallas Kelle <dallas.kelle@gmail.com>
Date:   Tue Apr 4 23:05:08 2017 -0500

    Fixing the CSS and column headers of participant.html

commit 42d64080ca51ac9537eff817016e2cff281ba537
Author: Caelan Evans <evans.caelan@gmail.com>
Date:   Tue Apr 4 20:33:17 2017 -0500

    Updated scraper for participants

commit 47170cf8aaccc4c5d2404cc7cbd0b8b47f940a3a
Author: Caelan Evans <evans.caelan@gmail.com>
Date:   Tue Apr 4 19:03:22 2017 -0500

    Prevent pushing images

commit 94f28c80e20a6248921859a607b023d445ad851c
Author: Caelan Evans <evans.caelan@gmail.com>
Date:   Tue Apr 4 19:02:11 2017 -0500

    Updated models

commit 712e31b18cb20224606a1fb4f30f5c205186a3eb
Author: Caelan Evans <evans.caelan@gmail.com>
Date:   Tue Apr 4 18:44:37 2017 -0500

    Updated tournament scraper, created tournament image downloader

commit f57095a0769b9993ef39ee44e29ccd20dc7d31bd
Author: Caelan Evans <evans.caelan@gmail.com>
Date:   Tue Apr 4 14:02:44 2017 -0500

    Pickle character data

commit ec3078f793757db6263aeed69f9b65bcb9d7082a
Author: Rohit Venugopal <rohitven@cs.utexas.edu>
Date:   Tue Apr 4 12:26:42 2017 -0500

    Scraped weights and debuts. Putting into master list. Pikachu returning error

commit f2da541eccffba652d5ae64550ebb630018188d7
Author: Dallas Kelle <dallas.kelle@gmail.com>
Date:   Tue Apr 4 11:48:17 2017 -0500

    Adding some style to the button

commit 3b8e3dfbd16578de8501cbffc62827ba2a5aaf99
Author: Dallas Kelle <dallas.kelle@gmail.com>
Date:   Tue Apr 4 11:47:04 2017 -0500

    Adding in the modal view of the unit tests

commit 7eae241d5cd9dbf49607da75c399931c992a0d01
Author: Caelan Evans <evans.caelan@gmail.com>
Date:   Tue Apr 4 10:56:01 2017 -0500

    Added URI to app, tier to Character

commit 528fdc67e43f806f8e04679b5fae4dc30c1ba2f0
Author: Caelan Evans <evans.caelan@gmail.com>
Date:   Mon Apr 3 23:38:58 2017 -0500

    Added debut and weight

commit 3d80797183738dc1529ac70ebb509d66dd7f5ac4
Author: Caelan Evans <evans.caelan@gmail.com>
Date:   Mon Apr 3 23:32:19 2017 -0500

    Convert dictionaries to tuples

commit fe9b4c8e51ea49a47ec10d56c8284f20e38e42cc
Merge: 8f0b228 fed048a
Author: Rohit Venugopal <rohitven@cs.utexas.edu>
Date:   Mon Apr 3 18:19:51 2017 -0500

    Merge branch 'dev' of https://github.com/lee-benjamin/cs373-idb into dev

commit 8f0b22830b720b81dacd4ed208b5629e0240979f
Author: Rohit Venugopal <rohitven@cs.utexas.edu>
Date:   Mon Apr 3 18:19:45 2017 -0500

    Scraped universes and tiers. Working on weights. Added more pickled data as well

commit 7b9613b2305a97f63587f5a1b46b210022650355
Merge: 207126f fed048a
Author: MauryaAvirneni <Maurya.Avirneni@utexas.edu>
Date:   Mon Apr 3 17:20:34 2017 -0500

    Merge branch 'dev' of https://github.com/lee-benjamin/cs373-idb into dev

commit 207126f670ed2570d773257385119918ec9442cd
Author: MauryaAvirneni <Maurya.Avirneni@utexas.edu>
Date:   Mon Apr 3 17:20:17 2017 -0500

    added modal view for running unit tests

commit fed048ad7adf332d7331af158d3e158617344f6f
Author: RohitVen <RohitVen@users.noreply.github.com>
Date:   Mon Apr 3 17:17:59 2017 -0500

    Update README.md

commit 519ed266b55199d90c358be0e5ed4bf46fc184a2
Author: Rohit Venugopal <rohitven@cs.utexas.edu>
Date:   Mon Apr 3 17:12:28 2017 -0500

    Scraped movetypes and movenames for all characters. Data is pickled up

commit e89487e106b178fa94c1765081705a5d3c84ffe0
Author: Rohit Venugopal <rohitven@cs.utexas.edu>
Date:   Mon Apr 3 17:07:59 2017 -0500

    Scraped movetypes and movenames for all characters. Data is pickled up

commit 7e11f792bd20ba99b2284c3b8d9b247381f70ccd
Merge: f7f0771 8c6c992
Author: Dallas Kelle <dallas.kelle@gmail.com>
Date:   Mon Apr 3 16:51:16 2017 -0500

    Fixed merge conflict

commit f7f0771cc17247812119649adb5e6c3c4c2b0e4f
Author: Dallas Kelle <dallas.kelle@gmail.com>
Date:   Mon Apr 3 16:46:49 2017 -0500

    Changed the about page to be able to run unit tests

commit 8c6c992a3a0ce63e3759cbc64ea5172ae128802f
Author: Caelan Evans <evans.caelan@gmail.com>
Date:   Mon Apr 3 13:39:17 2017 -0500

    Make test query to confirm PostgreSQL works remotely

commit d27bcaf50b72d2b0870f98eef912afcb6441098b
Author: Caelan Evans <evans.caelan@gmail.com>
Date:   Sun Apr 2 18:52:37 2017 -0500

    Fixed makefile

commit b84a45f42657c96623607930102ac49021d978a5
Author: Caelan Evans <evans.caelan@gmail.com>
Date:   Sun Apr 2 18:52:20 2017 -0500

    Table creation done

commit c3e78cd38c133656f3ace1c0aee393cfef103931
Author: Rohit Venugopal <rohitven@cs.utexas.edu>
Date:   Sun Apr 2 17:59:38 2017 -0500

    Building moveset scraper

commit 597cc046413a579241e8cdb2a51d1b5c883c460e
Merge: e76cc3f 0ac2f68
Author: Rohit Venugopal <rohitven@cs.utexas.edu>
Date:   Sun Apr 2 16:18:06 2017 -0500

    Merge branch 'dev'

commit 0ac2f68a7cc18113ae81a5b0d2f6957699b35165
Author: Rohit Venugopal <rohitven@cs.utexas.edu>
Date:   Sun Apr 2 15:57:05 2017 -0500

    General HTML clean up and excess image removal

commit 9d64968a00e49e69be554aceec510e5c9371ca1e
Author: Caelan Evans <evans.caelan@gmail.com>
Date:   Sat Apr 1 20:20:15 2017 -0500

    Prevent pushing

commit b50080998be7489fd10d776c89fcd7c25d6212fa
Author: Rohit Venugopal <rohitven@cs.utexas.edu>
Date:   Sat Apr 1 16:04:18 2017 -0500

    Updated Models. (Rearranging code)

commit bdda1cf51ec4f5a08ebc8a04b3a8c1c55917db40
Author: Rohit Venugopal <rohitven@cs.utexas.edu>
Date:   Sat Apr 1 16:02:06 2017 -0500

    Forgot these

commit 1f6b67db2c8628767895c27334c2039c96320879
Author: Rohit Venugopal <rohitven@cs.utexas.edu>
Date:   Sat Apr 1 15:59:24 2017 -0500

    Added carousel images, splash text, details on About, a e s t h e t i c

commit f355c3959f32ac80c2d1bfe0af047d28ace7ee07
Author: Caelan Evans <evans.caelan@gmail.com>
Date:   Fri Mar 31 18:08:01 2017 -0500

    Initial database preparation

commit 5e4f9190e05669a9fbbef44a8efedd44f321d821
Author: Caelan Evans <evans.caelan@gmail.com>
Date:   Thu Mar 30 11:44:03 2017 -0500

    Added association table

commit ce35675b40a2054fd2296f1ed2ed4d07f902abd3
Author: Caelan Evans <evans.caelan@gmail.com>
Date:   Thu Mar 30 11:22:41 2017 -0500

    Updated models, this probably breaks everything

commit 97c59717fa1dc6013b39858ee1482e2750f6d785
Author: Dallas Kelle <dallas.kelle@gmail.com>
Date:   Sat Mar 25 13:33:30 2017 -0500

    Adding new table CSS to the about, characters, and tournaments page

commit 813eca84a5048d6dafbbe3bdfb0ebfb05800985a
Author: Dallas Kelle <dallas.kelle@gmail.com>
Date:   Sat Mar 25 13:17:15 2017 -0500

    Adding a second CSS option to style tables

commit 94c796b45658e06337a02e336cea44bfd1b7f8b3
Author: Dallas Kelle <dallas.kelle@gmail.com>
Date:   Sat Mar 25 13:17:01 2017 -0500

    Adding a new CSS option to style tables

commit ed8d6cc44bf86daf9c48d91f1cfa786c287d699a
Author: Dallas Kelle <dallas.kelle@gmail.com>
Date:   Sat Mar 25 13:16:42 2017 -0500

    Adding the new css updates to participants

commit 7439600e568cda8936f51f4a6fd861c987fda5a1
Author: Dallas Kelle <dallas.kelle@gmail.com>
Date:   Fri Mar 24 13:14:45 2017 -0500

    Can no longer scroll horizontally

commit e76cc3f9828b8c59d2046c184b8875927f6e88d1
Author: Caelan Evans <evans.caelan@gmail.com>
Date:   Thu Mar 23 20:24:47 2017 -0500

    Added log

commit aae6e0381c04187c4c03b4bbd81587c75ec2dc88
Merge: 1576021 fd3610b
Author: Caelan Evans <evans.caelan@gmail.com>
Date:   Thu Mar 23 20:23:35 2017 -0500

    Merge branch 'dev'

commit fd3610bcc3f1b1df1d40d746ae33d627082c0982
Merge: a7b8a43 eb8bcab
Author: Dallas Kelle <dallas.kelle@gmail.com>
Date:   Thu Mar 23 19:57:17 2017 -0500

    Fixing merge

commit a7b8a43c3cf18a56ee8c34385f7405f8ce227267
Author: Dallas Kelle <dallas.kelle@gmail.com>
Date:   Thu Mar 23 19:49:23 2017 -0500

    Adding a link to the smashdb apiary on the about page

commit 15760211f5f6e68f68d1288a951c5ccec0bc96be
Author: Caelan Evans <evans.caelan@gmail.com>
Date:   Thu Mar 23 19:30:38 2017 -0500

    Added log

commit eb8bcab5bae06e0688e5fd932ffe2094fc966a20
Author: Caelan Evans <evans.caelan@gmail.com>
Date:   Thu Mar 23 19:29:09 2017 -0500

    Removed two. dots.

commit b538a0062b743bfb9a98e4ef868a5d857f876a43
Author: Caelan Evans <evans.caelan@gmail.com>
Date:   Thu Mar 23 19:03:53 2017 -0500

    Added log

commit e407797efb41bd4faf7b83e592889f1100dee816
Author: Caelan Evans <evans.caelan@gmail.com>
Date:   Thu Mar 23 19:03:14 2017 -0500

    Updated models

commit 8f91535bf7d1dde1e9da9632370671f9c7cbd4b3
Author: Caelan Evans <evans.caelan@gmail.com>
Date:   Thu Mar 23 19:02:36 2017 -0500

    Updated About page

commit e566e46fa280fa8807d94082b86c9155e87728ef
Author: Caelan Evans <evans.caelan@gmail.com>
Date:   Thu Mar 23 18:49:43 2017 -0500

    Updated About page

commit 7ca2e0c9d58e8db75a7201c6c035002508b34c34
Author: Benjamin Lee <benlee@cs.utexas.edu>
Date:   Thu Mar 23 18:42:28 2017 -0500

    i broke everything, this is me fixing it

commit 9be84276366535084bd3ba515dcc47ce3f1ab59e
Author: Benjamin Lee <benlee@cs.utexas.edu>
Date:   Thu Mar 23 18:33:10 2017 -0500

    added blurbs for about page

commit 39eae9ac62fd019b65312012efdaa6ce70f4e2cc
Author: Caelan Evans <evans.caelan@gmail.com>
Date:   Thu Mar 23 18:29:31 2017 -0500

    Added sorting ability to tables

commit 7d8602d979099c95d4293eb3e767662f4b60d299
Merge: ca41dce 69d701e
Author: Dallas Kelle <dallas.kelle@gmail.com>
Date:   Thu Mar 23 16:33:59 2017 -0500

    Fixing merge conflicts

commit ca41dce00b8104c7af5b05023080edb560213048
Author: Dallas Kelle <dallas.kelle@gmail.com>
Date:   Thu Mar 23 16:33:26 2017 -0500

    Changed the size of the carousel images, and the 3 clickable images at the bottom

commit 69d701ee0b0bef3b8ccb0780983eecbf0aee4110
Author: Caelan Evans <evans.caelan@gmail.com>
Date:   Thu Mar 23 16:21:00 2017 -0500

    Updated About page

commit 72e0fb5555ea18ea2ea5c2f48c96b8c75c76e214
Merge: 3010be7 2db5885
Author: Dallas Kelle <dallas.kelle@gmail.com>
Date:   Thu Mar 23 16:03:36 2017 -0500

    fixing conflicts

commit 3010be72775fb94b49e4b600ad02cec60453a6ad
Author: Dallas Kelle <dallas.kelle@gmail.com>
Date:   Thu Mar 23 16:01:12 2017 -0500

    Adding a carousel

commit 2db5885aa5a41d5cd1f7f47ef5648e84ff4de581
Author: MauryaAvirneni <maurya.avirneni@utexas.edu>
Date:   Thu Mar 23 15:45:29 2017 -0500

    splash updates

commit 702c48dbecf8965959cf11f1f9dbf5bae96f2bc2
Merge: 699a40b e9ebc71
Author: lee-benjamin <leebenjamin@utexas.edu>
Date:   Thu Mar 23 15:15:09 2017 -0500

    Merge branch 'dev' of https://github.com/lee-benjamin/cs373-idb into dev

commit 699a40b473f41bc12d5ddb432272f5cd77b51b68
Author: lee-benjamin <leebenjamin@utexas.edu>
Date:   Thu Mar 23 15:15:07 2017 -0500

    edited makefile to run coverage

commit e9ebc719276ae68bcaba84252a239b5d322c83f6
Author: Caelan Evans <evans.caelan@gmail.com>
Date:   Thu Mar 23 15:13:21 2017 -0500

    Fixed typo

commit 5240149992caff0d70036171cb69b9467bd9878b
Author: lee-benjamin <leebenjamin@utexas.edu>
Date:   Thu Mar 23 14:58:57 2017 -0500

    edited travis.yml to build on master

commit 0b8ebd0a073d51bbf3e7e44ba0804186e58599b1
Author: lee-benjamin <leebenjamin@utexas.edu>
Date:   Thu Mar 23 14:55:57 2017 -0500

    expanded tests and edited makefile to run test

commit 20e542d9fc41ad8be0d755972d55886d5bd92860
Merge: d128735 81f7904
Author: Caelan Evans <evans.caelan@gmail.com>
Date:   Thu Mar 23 14:39:35 2017 -0500

    Merge branch 'dev' of https://github.com/lee-benjamin/cs373-idb into dev

commit d1287355f51e87ef729889f80324d54f37616e42
Author: Caelan Evans <evans.caelan@gmail.com>
Date:   Thu Mar 23 14:39:09 2017 -0500

    Return totals for About page

commit e77e58649626f15f00f8ab40c1f5498de8039d46
Author: Caelan Evans <evans.caelan@gmail.com>
Date:   Thu Mar 23 14:32:07 2017 -0500

    Added documentation for models.py

commit 81f7904e8f690db9e5d184d7d1e62eefd396cbea
Merge: 3b2f42d 4017c84
Author: MauryaAvirneni <maurya.avirneni@utexas.edu>
Date:   Thu Mar 23 14:29:37 2017 -0500

    Merge branch 'dev' of https://github.com/lee-benjamin/cs373-idb into dev

commit 3b2f42d568d1e67316ac89cd062b113ad5d3285d
Author: MauryaAvirneni <maurya.avirneni@utexas.edu>
Date:   Thu Mar 23 14:29:30 2017 -0500

    made splash page prettier

commit faad5e5e7f06cc8b8c5300d32637e2a0f5043712
Author: Caelan Evans <evans.caelan@gmail.com>
Date:   Thu Mar 23 14:22:22 2017 -0500

    Added documentation for app.py

commit 4017c84667973d0556df499a40dc4109d045c7a2
Author: Caelan Evans <evans.caelan@gmail.com>
Date:   Thu Mar 23 14:17:41 2017 -0500

    Added branch text

commit e09096c573e9e118e5ae3e0b6fdda5effe3c3b92
Author: Caelan Evans <evans.caelan@gmail.com>
Date:   Thu Mar 23 14:16:35 2017 -0500

    Updated README

commit 0e9c598a7d415e12307237a74bb212f045301382
Author: Dallas Kelle <dallas.kelle@gmail.com>
Date:   Thu Mar 23 14:07:59 2017 -0500

    Adding text overlay on the splash bg image

commit e4d2d8b185389c22dbf4ef5d3f75820c2aeb6cd2
Author: Dallas Kelle <dallas.kelle@gmail.com>
Date:   Thu Mar 23 12:50:48 2017 -0500

    Changing the hoverable images on the splash page to have correct texts

commit 187217ba824ca897184eb2315852117f93d8bf38
Merge: cdeccd2 e70c11e
Author: Dallas Kelle <dallas.kelle@gmail.com>
Date:   Thu Mar 23 12:34:34 2017 -0500

    Fixing merge conflict

commit cdeccd2a9063ebf5679a8d0fe1d56586360ac88b
Merge: 27a94de bc2614f
Author: Dallas Kelle <dallas.kelle@gmail.com>
Date:   Thu Mar 23 12:34:11 2017 -0500

    Fixing merge conflict[

commit e70c11ef25a575efaca11d2fa8e3eb16e6c74275
Author: lee-benjamin <leebenjamin@utexas.edu>
Date:   Thu Mar 23 12:27:43 2017 -0500

    added parameters to apiary so we don't need query strings

commit bc2614fae7afb014cccfb115130516166a68efc3
Merge: b6ba944 6f10fc7
Author: MauryaAvirneni <maurya.avirneni@utexas.edu>
Date:   Thu Mar 23 12:23:07 2017 -0500

    Merge branch 'dev' of https://github.com/lee-benjamin/cs373-idb into dev

commit b6ba94496f9ca9d662c193c8020b3692d877ad23
Author: MauryaAvirneni <maurya.avirneni@utexas.edu>
Date:   Thu Mar 23 12:22:55 2017 -0500

    Updated UML Diagram and added pdf

commit 27a94dea8d3333c6d4036a7db120882f06814fa8
Author: Dallas Kelle <dallas.kelle@gmail.com>
Date:   Thu Mar 23 12:22:51 2017 -0500

    Changing the size of the main splash image so the home page no longer has scroll

commit 6f10fc7b286471df3e68d3beaadb5c1edd61536c
Merge: 53846b6 47d11d3
Author: Rohit Venugopal <rohitven@cs.utexas.edu>
Date:   Thu Mar 23 11:51:09 2017 -0500

    Finally fixed the navbar

commit 53846b653132110525268881ddf72c7484a7eb82
Author: Rohit Venugopal <rohitven@cs.utexas.edu>
Date:   Thu Mar 23 11:48:05 2017 -0500

    Finally fixed the navbar

commit 47d11d3208d6a1229a86ba05f9a2fb0800bd8077
Merge: d999766 5296e01
Author: Dallas Kelle <dallas.kelle@gmail.com>
Date:   Thu Mar 23 11:43:12 2017 -0500

    Fixing merge conflict

commit d9997668c3a52b25f4355b65795f94e293609d7f
Author: Dallas Kelle <dallas.kelle@gmail.com>
Date:   Thu Mar 23 11:42:55 2017 -0500

    Changing the 'about' page to have all the table contents centered

commit 3e245085a1a86c0d9ef2cb4f3b2b7f1d66fe29fb
Author: Dallas Kelle <dallas.kelle@gmail.com>
Date:   Thu Mar 23 11:31:03 2017 -0500

    Adding image to the 'more info' section of character

commit 7899ca927b15407a2f797cb3f4e2bb7545035142
Author: Dallas Kelle <dallas.kelle@gmail.com>
Date:   Thu Mar 23 11:28:30 2017 -0500

    Adding images to the 'more info' section of players and tournaments

commit 5296e012c42ce53e18282dd486474fe656a7ada2
Merge: b84cff6 c22b58c
Author: Ubuntu <ubuntu@ip-172-31-16-25.us-west-2.compute.internal>
Date:   Thu Mar 23 16:13:13 2017 +0000

    Merge branch 'dev' of https://github.com/lee-benjamin/cs373-idb into dev

commit b84cff6af964a71021d977e2d4adbb82298cc155
Author: Ubuntu <ubuntu@ip-172-31-16-25.us-west-2.compute.internal>
Date:   Thu Mar 23 16:13:11 2017 +0000

    Chaning the ports so the api calls still work on AWS

commit c22b58cc65190d7a1c438276f4499fc35a493ad4
Author: Caelan Evans <evans.caelan@gmail.com>
Date:   Thu Mar 23 11:02:21 2017 -0500

    Redisplay attributes on table view

commit 22978e2d158f0216ccccbd202b1d33b04a8ad1bd
Author: Dallas Kelle <dallas.kelle@gmail.com>
Date:   Thu Mar 23 09:46:17 2017 -0500

    Pulling and displaying github avatars now

commit 1dd058d30209888ab8cb055acbe1a0a43278c74c
Author: Caelan Evans <evans.caelan@gmail.com>
Date:   Thu Mar 23 05:07:08 2017 -0500

    Updated About page

commit 94f0faa19bc23f15dd75bccd566e927adf9f4a44
Author: Caelan Evans <evans.caelan@gmail.com>
Date:   Thu Mar 23 04:18:35 2017 -0500

    Fixed typo

commit bd8b00e07067e2011f195a15ce9eb4e3121c80af
Author: Caelan Evans <evans.caelan@gmail.com>
Date:   Thu Mar 23 04:17:53 2017 -0500

    Updated API documentation

commit 15b7a6429b8d4dfbc3b1ccba233a81f44bb464f4
Author: Caelan Evans <evans.caelan@gmail.com>
Date:   Thu Mar 23 04:09:07 2017 -0500

    Changed characters list, added character view

commit 393f2b81343d3feb81c45bd339be244568d478a4
Author: Caelan Evans <evans.caelan@gmail.com>
Date:   Thu Mar 23 04:00:46 2017 -0500

    Changed tournaments list, added tournament view

commit 90e410d49d0ae987ae6523bb71f72ca9325844b7
Author: Caelan Evans <evans.caelan@gmail.com>
Date:   Thu Mar 23 03:41:58 2017 -0500

    Changed participants lists, added participant view

commit 7f2e68ac94eb3c9ba2b82658b955f11fb7d0d32f
Merge: 7030595 cc79421
Author: Caelan Evans <evans.caelan@gmail.com>
Date:   Thu Mar 23 03:19:19 2017 -0500

    Merge branch 'dev' of http://github.com/lee-benjamin/cs373-idb into dev

commit 70305956272dc94077c9b134948ea1da629da939
Author: Caelan Evans <evans.caelan@gmail.com>
Date:   Thu Mar 23 03:17:45 2017 -0500

    Added API for individual tournament, participant, and character

commit 207c9d63f3a363150ef12df56d668b914886b4af
Author: Caelan Evans <evans.caelan@gmail.com>
Date:   Thu Mar 23 03:02:43 2017 -0500

    Added tests for API

commit cc7942126ac6cf26cfe61f80ecf0a49d67c0831e
Merge: da63a56 9dd60ec
Author: Dallas Kelle <dallas.kelle@gmail.com>
Date:   Thu Mar 23 02:54:25 2017 -0500

    Fixing merge conflict

commit da63a5695f3d0177e6d599b24a6e99a2956bd749
Author: Dallas Kelle <dallas.kelle@gmail.com>
Date:   Thu Mar 23 02:54:04 2017 -0500

    Working on getting github data into the about page

commit 9dd60ec98dbf93a2d75466111a5c3fb13b5e59ad
Author: MauryaAvirneni <maurya.avirneni@utexas.edu>
Date:   Thu Mar 23 02:26:22 2017 -0500

    Added tables for each piller, data is incomplete

commit b526082c03a1a1f112142791c8ad2f91e8986104
Merge: 9a30aeb 31c9201
Author: MauryaAvirneni <maurya.avirneni@utexas.edu>
Date:   Thu Mar 23 02:08:53 2017 -0500

    Merge branch 'dev' of https://github.com/lee-benjamin/cs373-idb into dev

commit 9a30aeb7e0fe92e2cefbc3f3bfa5f89043d5fbfc
Author: MauryaAvirneni <maurya.avirneni@utexas.edu>
Date:   Thu Mar 23 02:08:47 2017 -0500

    Added basic table to tournaments page

commit 31c920105fae3946ff8bc4c054e86d514df133b0
Author: Dallas Kelle <dallas.kelle@gmail.com>
Date:   Thu Mar 23 01:59:04 2017 -0500

    Adding an about controller, which currently behaves the same as the tournament controller - shows tournament info for 3 tournaments

commit 9c7830efae1c60b7c9552e492799ad048909069e
Merge: bb3a665 92ed07b
Author: Dallas Kelle <dallas.kelle@gmail.com>
Date:   Thu Mar 23 00:17:00 2017 -0500

    Merge conflict

commit bb3a665251f18dd44a43110973237bdb25a3ef53
Author: Dallas Kelle <dallas.kelle@gmail.com>
Date:   Thu Mar 23 00:13:36 2017 -0500

    taking out un needed imports

commit 92ed07be1064534c96e2a5e57ed3efbfdb46c0b3
Author: lee-benjamin <leebenjamin@utexas.edu>
Date:   Thu Mar 23 00:13:08 2017 -0500

    added get request to fetch from tournament api

commit 6b324b830a0c05accf2896f4c05a048d019a60e8
Author: MauryaAvirneni <maurya.avirneni@utexas.edu>
Date:   Thu Mar 23 00:01:15 2017 -0500

    new file for angular controllers

commit 8fcc74f9a8954050920a4ee54580ce6280ede29b
Author: MauryaAvirneni <maurya.avirneni@utexas.edu>
Date:   Wed Mar 22 23:57:29 2017 -0500

    quick angularjs fix

commit ddf0e8ff5ef3132ec58f5c41a2dffc0b6d84485a
Merge: 491aa89 d82b741
Author: MauryaAvirneni <maurya.avirneni@utexas.edu>
Date:   Wed Mar 22 23:45:11 2017 -0500

    Merge branch 'dev' of https://github.com/lee-benjamin/cs373-idb into dev

commit 491aa8919601386d38c72d0f597c3db21ff6a8e5
Author: MauryaAvirneni <maurya.avirneni@utexas.edu>
Date:   Wed Mar 22 23:44:29 2017 -0500

    added angular to tournaments

commit d82b741a273116579cb17e548b755d5dd43ecc01
Author: Caelan Evans <evans.caelan@gmail.com>
Date:   Wed Mar 22 23:11:05 2017 -0500

    Fixed typo

commit 476ff34cb175c5f79933b58a2a3db3c20f89ec9d
Author: Caelan Evans <evans.caelan@gmail.com>
Date:   Wed Mar 22 22:46:48 2017 -0500

    Added initial API implementation

commit 6f27e23981ef606a844b78990df4d970a6dd8cdf
Author: Caelan Evans <evans.caelan@gmail.com>
Date:   Wed Mar 22 22:35:50 2017 -0500

    Updated models

commit badf866b1eca77ae7dd589225e5014e6e1e415b3
Author: Rohit Venugopal <rohitven@cs.utexas.edu>
Date:   Wed Mar 22 22:08:51 2017 -0500

    Removed OBSOLETE gulpfile

commit 8e168669b8bd8bcee697e286dcfeaa54ca159b16
Merge: 33cb685 3037e5a
Author: Ubuntu <ubuntu@ip-172-31-16-25.us-west-2.compute.internal>
Date:   Thu Mar 23 02:58:56 2017 +0000

    Server now runs on prot 80 in debug mode

commit 33cb68532aca472ffd40328b5bbb282c6bbd7b78
Author: Ubuntu <ubuntu@ip-172-31-16-25.us-west-2.compute.internal>
Date:   Thu Mar 23 02:57:44 2017 +0000

    Changing the port the website runs on

commit 3037e5a2e605da7c8e9c760a98af52f287ed84a4
Merge: 2fd495e fc8df43
Author: Dallas Kelle <dallas.kelle@gmail.com>
Date:   Wed Mar 22 21:51:39 2017 -0500

    Chaning the layout of the photos on the home page

commit 2fd495e36d7337e677b4366e8922785d469dcad9
Author: Dallas Kelle <dallas.kelle@gmail.com>
Date:   Wed Mar 22 21:34:11 2017 -0500

    adding in small changes to about.html

commit f155cff528b7a7ff70527575306e0bac8cd2e081
Author: Dallas Kelle <dallas.kelle@gmail.com>
Date:   Wed Mar 22 21:33:14 2017 -0500

    Continuing work on the nav bar, and formatted the images on the homepage

commit fc8df432687c1bed0102ac7370f88714b5303001
Author: Rohit Venugopal <rohitven@cs.utexas.edu>
Date:   Wed Mar 22 21:28:30 2017 -0500

    Fixed links and about page text issue thingy

commit 393aace6b9532f7e5d7e39961bb4b05a463c453c
Author: Dallas Kelle <dallas.kelle@gmail.com>
Date:   Wed Mar 22 20:46:51 2017 -0500

    Working on getting the naav bar to look right on each page

commit f866ffd65ccf098286cb9ba80720a23880e6d41a
Merge: cd298f3 eb5919f
Author: Dallas Kelle <dallas.kelle@gmail.com>
Date:   Wed Mar 22 19:37:22 2017 -0500

    Fixing merge

commit cd298f3878b1b45d612c48e520ca57ade33f4356
Author: Dallas Kelle <dallas.kelle@gmail.com>
Date:   Wed Mar 22 19:36:52 2017 -0500

    Got rid of header - about page no longer has huge header either

commit eb5919ffd58317295f4eb855adf53c5e90e88176
Author: Caelan Evans <evans.caelan@gmail.com>
Date:   Wed Mar 22 18:36:33 2017 -0500

    Changed default move list to None

commit f3c09ff763557e8b0ab12776e73af599f60ff3ea
Author: Caelan Evans <evans.caelan@gmail.com>
Date:   Wed Mar 22 18:34:36 2017 -0500

    Added script to start server

commit 66dc1c174268a76aa6d4f8e367ac265088ea466e
Author: Dallas Kelle <dallas.kelle@gmail.com>
Date:   Wed Mar 22 18:11:48 2017 -0500

    Fixed the nav bar so each HTML page inherits it automatically

commit 79b68b5768848f1ff22a88c8117e57165c018806
Author: Dallas Kelle <dallas.kelle@gmail.com>
Date:   Wed Mar 22 18:02:51 2017 -0500

    Now we only have one nav bar, which is loaded from index.html

commit 652df795b7f2eaef8a2aa6e7aa1c9cd6a2af223b
Merge: 2601234 9139f84
Author: Dallas Kelle <dallas.kelle@gmail.com>
Date:   Wed Mar 22 17:53:19 2017 -0500

    fixing merge conflict

commit 260123491fc58fdd0004b63fa89fc018c218b3f6
Author: Dallas Kelle <dallas.kelle@gmail.com>
Date:   Wed Mar 22 17:49:21 2017 -0500

    Adding some test code to about.html

commit 9139f84945941ee9832c521816628fcd11fe8849
Author: MauryaAvirneni <maurya.avirneni@utexas.edu>
Date:   Wed Mar 22 17:43:46 2017 -0500

    added UML

commit d6390a1e615717d7d5b7b846885eff558352be2a
Author: Dallas Kelle <dallas.kelle@gmail.com>
Date:   Wed Mar 22 17:35:19 2017 -0500

    Changing the structure of index.html - index.html is mostly a blank website, and we now once again have app.js routing between the static html pages we have

commit bfaf978528d80c7ce7e9f4ffd2391716aa9a5d1d
Author: lee-benjamin <leebenjamin@utexas.edu>
Date:   Wed Mar 22 17:25:15 2017 -0500

    added still transparent navbar to pillar pages, changed some words in index.html

commit 7a3f252d51eeec4880b396a230892a1385ff904b
Author: Caelan Evans <evans.caelan@gmail.com>
Date:   Wed Mar 22 16:36:30 2017 -0500

    Changed images

commit 4a6dcd2fdf37ed7940a221eccb36b10d56f9b68a
Author: MauryaAvirneni <maurya.avirneni@utexas.edu>
Date:   Wed Mar 22 16:29:13 2017 -0500

    updated bootstrap

commit cc0067555dbef21501d39f3c8765dafa63899c6b
Author: lee-benjamin <leebenjamin@utexas.edu>
Date:   Tue Mar 21 22:05:12 2017 -0500

    added beginnings of models.py

commit 4e2260d228a085dfde7fb28737f5d6be03f13688
Author: lee-benjamin <leebenjamin@utexas.edu>
Date:   Tue Mar 21 21:50:18 2017 -0500

    added skeleton of tests.py

commit 480cf6ad037574fe45387b2d48cf0d35e8965ffa
Author: Caelan Evans <evans.caelan@gmail.com>
Date:   Tue Mar 21 20:08:43 2017 -0500

    Fixed more paths

commit 0f2bad7a8aca6b6067ca92fa42e748879b2897ff
Author: Caelan Evans <evans.caelan@gmail.com>
Date:   Tue Mar 21 20:07:50 2017 -0500

    Ignore virtualenv directories

commit da67aa4f81046d43e564c1e8aeaabccc28ffea94
Author: Caelan Evans <evans.caelan@gmail.com>
Date:   Tue Mar 21 19:33:29 2017 -0500

    Initial Flask implementation, 404's for external assets

commit 1ba8f922d3884556f08726efc3e24f276cd9ab6e
Author: Caelan Evans <evans.caelan@gmail.com>
Date:   Tue Mar 21 19:21:57 2017 -0500

    Remove old file structure

commit 7c78111f2976b0d05d8752b702fe5a7f198cb44e
Author: Caelan Evans <evans.caelan@gmail.com>
Date:   Tue Mar 21 19:19:55 2017 -0500

    Conform to flask app structure

commit d070f387da2004cca2b2bc90ffeb69887e65267f
Author: Caelan Evans <evans.caelan@gmail.com>
Date:   Tue Mar 21 19:15:51 2017 -0500

    Fix image path

commit 7220816503bbf1acaf500090ae8282008c875a21
Author: Caelan Evans <evans.caelan@gmail.com>
Date:   Tue Mar 21 19:15:36 2017 -0500

    Cleanup repo

commit 4b27630c9b955b0761f62ba3000d0fc5be1732b5
Author: RohitVen <rohit.venugopal@yahoo.com>
Date:   Tue Mar 21 16:55:57 2017 -0500

    Model website

commit a550634c65bb90f4dce676120abf9030ab8906f7
Merge: 9f74d1e 6e0de92
Author: root <root@ip-172-31-13-110.us-west-2.compute.internal>
Date:   Tue Mar 21 16:52:31 2017 +0000

    Merge branch 'dev'

commit 9f74d1e63c23e7895267630484f4ec7932355c13
Merge: 6a1b704 ecfcd9b
Author: root <root@ip-172-31-13-110.us-west-2.compute.internal>
Date:   Tue Mar 21 16:48:17 2017 +0000

    Merge branch 'master' of https://github.com/lee-benjamin/cs373-idb

commit 6a1b7040dfcd85533539276e288275109697e9e9
Author: root <root@ip-172-31-13-110.us-west-2.compute.internal>
Date:   Tue Mar 21 16:48:11 2017 +0000

    Adding in the new index.html

commit ecfcd9b5814678ecd9368d0dcd804310bfbeed51
Author: lee-benjamin <ben.chiwen.lee@gmail.com>
Date:   Tue Mar 21 11:43:23 2017 -0500

    Fixed typo and added new line

commit 11f3f2e73b7ef4307c01af089ae6931f662c370f
Author: lee-benjamin <ben.chiwen.lee@gmail.com>
Date:   Tue Mar 21 11:41:00 2017 -0500

    Transferring API Description file from Apiary.io

commit 6e0de928b994e0a173dfb4c0380c4eba762d7402
Author: Caelan Evans <evans.caelan@gmail.com>
Date:   Tue Mar 21 10:59:16 2017 -0500

    Initial makefile

commit 69a06ce38059954c846ff579167b94fce6eba556
Merge: c65cced caf5bd7
Author: lee-benjamin <leebenjamin@utexas.edu>
Date:   Tue Mar 21 10:57:52 2017 -0500

    Merge branch 'dev' of https://github.com/lee-benjamin/cs373-idb into dev

commit c65cced78cba0870fa95312d67246de565a4de12
Author: lee-benjamin <leebenjamin@utexas.edu>
Date:   Tue Mar 21 10:56:53 2017 -0500

    adding .travis.yml

commit caf5bd780b4e696083790189bdfbc8f95906ec8b
Author: Caelan Evans <evans.caelan@gmail.com>
Date:   Mon Mar 20 17:10:32 2017 -0500

    Updated file descriptions

commit 4e8f88ca87b0a076e91b056fc3828dea012595c8
Author: Caelan Evans <evans.caelan@gmail.com>
Date:   Mon Mar 20 17:10:19 2017 -0500

    Added participants

commit 0ff20c45fd70673c011615d86066445f1f547c87
Author: Caelan Evans <evans.caelan@gmail.com>
Date:   Mon Mar 20 16:30:38 2017 -0500

    Fixed pickled data

commit 5451f3ebc9d172230f49c4b090f0dcc1ccea280a
Author: Caelan Evans <evans.caelan@gmail.com>
Date:   Mon Mar 20 15:59:53 2017 -0500

    Added tournament data

commit 99dd29fc339ec56ef3523e4331732f6049859fee
Author: RohitVen <RohitVen@users.noreply.github.com>
Date:   Sat Mar 18 16:34:58 2017 -0500

    Update README

commit 3724459661b875d4638841ef252d7d052f9b78eb
Author: RohitVen <rohit.venugopal@yahoo.com>
Date:   Sat Mar 18 16:39:18 2017 -0500

    First commit. Base landing page
